<?xml version='1.0' encoding='UTF-8'?>
<!DOCTYPE coverage SYSTEM 'http://cobertura.sourceforge.net/xml/coverage-04.dtd'>
<coverage line-rate="0.8695652173913043" function-rate="1.0" branch-rate="0.5714285714285714" lines-covered="20" lines-valid="23" functions-covered="2" functions-valid="2" branches-covered="8" branches-valid="14" complexity="0.0" timestamp="1777483144" version="gcovr 5.2"><sources><source>.</source></sources><packages><package name="App.Src" line-rate="0.8695652173913043" function-rate="1.0" branch-rate="0.5714285714285714" complexity="0.0"><classes><class name="wave_gen_c" filename="App/Src/wave_gen.c" line-rate="0.8695652173913043" branch-rate="0.5714285714285714" complexity="0.0"><methods/><lines><line number="10" hits="256" branch="false"/><line number="11" hits="256" branch="false"/><line number="12" hits="256" branch="false"/><line number="13" hits="256" branch="false"/><line number="14" hits="256" branch="false"/><line number="15" hits="256" branch="false"/><line number="18" hits="2" branch="false"/><line number="19" hits="2" branch="true" condition-coverage="50% (3/6)"><conditions><condition number="0" type="jump" coverage="50%"/></conditions></line><line number="20" hits="0" branch="false"/><line number="23" hits="2" branch="false"/><line number="25" hits="2" branch="true" condition-coverage="50% (1/2)"><conditions><condition number="0" type="jump" coverage="50%"/></conditions></line><line number="26" hits="0" branch="false"/><line number="29" hits="2" branch="true" condition-coverage="50% (1/2)"><conditions><condition number="0" type="jump" coverage="50%"/></conditions></line><line number="30" hits="2" branch="true" condition-coverage="50% (1/2)"><conditions><condition number="0" type="jump" coverage="50%"/></conditions></line><line number="31" hits="0" branch="false"/><line number="34" hits="2" branch="false"/><line number="35" hits="2" branch="false"/><line number="36" hits="2" branch="false"/><line number="37" hits="258" branch="true" condition-coverage="100% (2/2)"><conditions><condition number="0" type="jump" coverage="100%"/></conditions></line><line number="38" hits="256" branch="false"/><line number="39" hits="256" branch="false"/><line number="40" hits="256" branch="false"/><line number="44" hits="2" branch="false"/></lines></class></classes></package></packages></coverage>